This is XeTeX, Version 3.14159265-2.6-0.99991 (MiKTeX 2.9 64-bit) (preloaded format=xelatex 2016.2.11)  12 FEB 2016 11:48
entering extended mode
**assignment1.tex
(assignment1.tex
LaTeX2e <2014/05/01>
Babel <3.9l> and hyphenation patterns for 68 languages loaded.
("F:\Program Files\MiKTeX 2.9\tex\latex\base\report.cls"
Document Class: report 2014/09/29 v1.4h Standard LaTeX document class
("F:\Program Files\MiKTeX 2.9\tex\latex\base\size10.clo"
File: size10.clo 2014/09/29 v1.4h Standard LaTeX file (size option)
)
\c@part=\count80
\c@chapter=\count81
\c@section=\count82
\c@subsection=\count83
\c@subsubsection=\count84
\c@paragraph=\count85
\c@subparagraph=\count86
\c@figure=\count87
\c@table=\count88
\abovecaptionskip=\skip41
\belowcaptionskip=\skip42
\bibindent=\dimen102
)
("F:\Program Files\MiKTeX 2.9\tex\latex\mathtools\mathtools.sty"
Package: mathtools 2014/07/16 v1.15 mathematical typesetting tools

("F:\Program Files\MiKTeX 2.9\tex\latex\graphics\keyval.sty"
Package: keyval 2014/10/28 v1.15 key=value parser (DPC)
\KV@toks@=\toks14
)
("F:\Program Files\MiKTeX 2.9\tex\latex\tools\calc.sty"
Package: calc 2014/10/28 v4.3 Infix arithmetic (KKT,FJ)
\calc@Acount=\count89
\calc@Bcount=\count90
\calc@Adimen=\dimen103
\calc@Bdimen=\dimen104
\calc@Askip=\skip43
\calc@Bskip=\skip44
LaTeX Info: Redefining \setlength on input line 75.
LaTeX Info: Redefining \addtolength on input line 76.
\calc@Ccount=\count91
\calc@Cskip=\skip45
)
("F:\Program Files\MiKTeX 2.9\tex\latex\mathtools\mhsetup.sty"
Package: mhsetup 2010/01/21 v1.2a programming setup (MH)
)
("F:\Program Files\MiKTeX 2.9\tex\latex\amsmath\amsmath.sty"
Package: amsmath 2013/01/14 v2.14 AMS math features
\@mathmargin=\skip46

For additional information on amsmath, use the `?' option.
("F:\Program Files\MiKTeX 2.9\tex\latex\amsmath\amstext.sty"
Package: amstext 2000/06/29 v2.01

("F:\Program Files\MiKTeX 2.9\tex\latex\amsmath\amsgen.sty"
File: amsgen.sty 1999/11/30 v2.0
\@emptytoks=\toks15
\ex@=\dimen105
))
("F:\Program Files\MiKTeX 2.9\tex\latex\amsmath\amsbsy.sty"
Package: amsbsy 1999/11/29 v1.2d
\pmbraise@=\dimen106
)
("F:\Program Files\MiKTeX 2.9\tex\latex\amsmath\amsopn.sty"
Package: amsopn 1999/12/14 v2.01 operator names
)
\inf@bad=\count92
LaTeX Info: Redefining \frac on input line 210.
\uproot@=\count93
\leftroot@=\count94
LaTeX Info: Redefining \overline on input line 306.
\classnum@=\count95
\DOTSCASE@=\count96
LaTeX Info: Redefining \ldots on input line 378.
LaTeX Info: Redefining \dots on input line 381.
LaTeX Info: Redefining \cdots on input line 466.
\Mathstrutbox@=\box26
\strutbox@=\box27
\big@size=\dimen107
LaTeX Font Info:    Redeclaring font encoding OML on input line 566.
LaTeX Font Info:    Redeclaring font encoding OMS on input line 567.
\macc@depth=\count97
\c@MaxMatrixCols=\count98
\dotsspace@=\muskip10
\c@parentequation=\count99
\dspbrk@lvl=\count100
\tag@help=\toks16
\row@=\count101
\column@=\count102
\maxfields@=\count103
\andhelp@=\toks17
\eqnshift@=\dimen108
\alignsep@=\dimen109
\tagshift@=\dimen110
\tagwidth@=\dimen111
\totwidth@=\dimen112
\lineht@=\dimen113
\@envbody=\toks18
\multlinegap=\skip47
\multlinetaggap=\skip48
\mathdisplay@stack=\toks19
LaTeX Info: Redefining \[ on input line 2665.
LaTeX Info: Redefining \] on input line 2666.
)
LaTeX Info: Thecontrolsequence`\['isalreadyrobust on input line 129.
LaTeX Info: Thecontrolsequence`\]'isalreadyrobust on input line 129.
\g_MT_multlinerow_int=\count104
\l_MT_multwidth_dim=\dimen114
\origjot=\skip49
\l_MT_shortvdotswithinadjustabove_dim=\dimen115
\l_MT_shortvdotswithinadjustbelow_dim=\dimen116
\l_MT_above_intertext_sep=\dimen117
\l_MT_below_intertext_sep=\dimen118
\l_MT_above_shortintertext_sep=\dimen119
\l_MT_below_shortintertext_sep=\dimen120
)
("F:\Program Files\MiKTeX 2.9\tex\latex\amsfonts\amssymb.sty"
Package: amssymb 2013/01/14 v3.01 AMS font symbols

("F:\Program Files\MiKTeX 2.9\tex\latex\amsfonts\amsfonts.sty"
Package: amsfonts 2013/01/14 v3.01 Basic AMSFonts support
\symAMSa=\mathgroup4
\symAMSb=\mathgroup5
LaTeX Font Info:    Overwriting math alphabet `\mathfrak' in version `bold'
(Font)                  U/euf/m/n --> U/euf/b/n on input line 106.
))
("F:\Program Files\MiKTeX 2.9\tex\latex\graphics\graphicx.sty"
Package: graphicx 2014/10/28 v1.0g Enhanced LaTeX Graphics (DPC,SPQR)

("F:\Program Files\MiKTeX 2.9\tex\latex\graphics\graphics.sty"
Package: graphics 2014/10/28 v1.0p Standard LaTeX Graphics (DPC,SPQR)

("F:\Program Files\MiKTeX 2.9\tex\latex\graphics\trig.sty"
Package: trig 1999/03/16 v1.09 sin cos tan (DPC)
)
("F:\Program Files\MiKTeX 2.9\tex\latex\00miktex\graphics.cfg"
File: graphics.cfg 2007/01/18 v1.5 graphics configuration of teTeX/TeXLive
)
Package graphics Info: Driver file: xetex.def on input line 91.

("F:\Program Files\MiKTeX 2.9\tex\xelatex\xetex-def\xetex.def"
File: xetex.def 2014/07/25 v4.03 LaTeX color/graphics driver for XeTeX (RRM/JK)

))
\Gin@req@height=\dimen121
\Gin@req@width=\dimen122
)
(assignment1.aux)
LaTeX Font Info:    Checking defaults for OML/cmm/m/it on input line 12.
LaTeX Font Info:    ... okay on input line 12.
LaTeX Font Info:    Checking defaults for T1/cmr/m/n on input line 12.
LaTeX Font Info:    ... okay on input line 12.
LaTeX Font Info:    Checking defaults for OT1/cmr/m/n on input line 12.
LaTeX Font Info:    ... okay on input line 12.
LaTeX Font Info:    Checking defaults for OMS/cmsy/m/n on input line 12.
LaTeX Font Info:    ... okay on input line 12.
LaTeX Font Info:    Checking defaults for OMX/cmex/m/n on input line 12.
LaTeX Font Info:    ... okay on input line 12.
LaTeX Font Info:    Checking defaults for U/cmr/m/n on input line 12.
LaTeX Font Info:    ... okay on input line 12.
Requested font "cmr17" at 17.28pt
Requested font "cmbx12" at 17.28pt
Requested font "cmr12" at 12.0pt
Requested font "cmr8" at 8.0pt
Requested font "cmr6" at 6.0pt
Requested font "cmmi12" at 12.0pt
Requested font "cmmi8" at 8.0pt
Requested font "cmmi6" at 6.0pt
Requested font "cmsy10" at 12.0pt
Requested font "cmsy8" at 8.0pt
Requested font "cmsy6" at 6.0pt
Requested font "cmex10" at 12.0pt
Requested font "cmex8" at 8.0pt
Requested font "cmex7" at 6.0pt
LaTeX Font Info:    Try loading font information for U+msa on input line 13.
 ("F:\Program Files\MiKTeX 2.9\tex\latex\amsfonts\umsa.fd"
File: umsa.fd 2013/01/14 v3.01 AMS symbols A
)
Requested font "msam10" at 12.0pt
Requested font "msam10" at 8.0pt
Requested font "msam7" at 6.0pt
LaTeX Font Info:    Try loading font information for U+msb on input line 13.

("F:\Program Files\MiKTeX 2.9\tex\latex\amsfonts\umsb.fd"
File: umsb.fd 2013/01/14 v3.01 AMS symbols B
)
Requested font "msbm10" at 12.0pt
Requested font "msbm10" at 8.0pt
Requested font "msbm7" at 6.0pt
 [1

]
Part 1.
Requested font "cmr17" at 20.74pt
Requested font "cmbx12" at 20.74pt
Requested font "cmbx12" at 24.88pt
Requested font "cmtt10" at 10.0pt
Requested font "cmr12" at 14.4pt
Requested font "cmbx12" at 14.4pt
LaTeX Font Info:    Try loading font information for OMS+cmr on input line 31.
("F:\Program Files\MiKTeX 2.9\tex\latex\base\omscmr.fd"
File: omscmr.fd 2014/09/29 v2.5h Standard LaTeX font definitions
)
LaTeX Font Info:    Font shape `OMS/cmr/m/n' in size <10> not available
(Font)              Font shape `OMS/cmsy/m/n' tried instead on input line 31.
Requested font "cmex7" at 7.0pt
Requested font "cmex7" at 5.0pt
Requested font "msam10" at 10.0pt
Requested font "msam7" at 7.0pt
Requested font "msam5" at 5.0pt
Requested font "msbm10" at 10.0pt
Requested font "msbm7" at 7.0pt
Requested font "msbm5" at 5.0pt
 [1

]
Missing character: There is no ， in font cmr10!
 [2]
Requested font "cmr17" at 24.88pt
File: 1.jpg Graphic file (type QTm)

<use  "1.jpg" >
File: 2.jpg Graphic file (type QTm)
 <use  "2.jpg" > [3

]
File: 3.jpg Graphic file (type QTm)
 <use  "3.jpg" > [4]
File: 4.jpg Graphic file (type QTm)
 <use  "4.jpg" >
Overfull \hbox (26.41783pt too wide) in paragraph at lines 89--90
[][]  
 []

File: 5.jpg Graphic file (type QTm)
<use  "5.jpg" >
Overfull \hbox (25.19112pt too wide) in paragraph at lines 91--92
[][]  
 []

[5] (assignment1.aux) ) 
Here is how much of TeX's memory you used:
 2076 strings out of 428790
 25849 string characters out of 3164815
 83490 words of memory out of 3000000
 5385 multiletter control sequences out of 15000+200000
 12575 words of font info for 49 fonts, out of 3000000 for 9000
 1096 hyphenation exceptions out of 8191
 33i,6n,26p,364b,193s stack positions out of 5000i,500n,10000p,200000b,50000s

Output written on assignment1.pdf (6 pages).
